\BOOKMARK [1][-]{section.1}{Introduzione}{}% 1
\BOOKMARK [2][-]{subsection.1.1}{Scopo del documento}{section.1}% 2
\BOOKMARK [2][-]{subsection.1.2}{Scopo del prodotto}{section.1}% 3
\BOOKMARK [2][-]{subsection.1.3}{Riferimenti}{section.1}% 4
\BOOKMARK [3][-]{subsubsection.1.3.1}{Normativi}{subsection.1.3}% 5
\BOOKMARK [3][-]{subsubsection.1.3.2}{Informativi}{subsection.1.3}% 6
\BOOKMARK [2][-]{subsection.1.4}{Ciclo di vita}{section.1}% 7
\BOOKMARK [2][-]{subsection.1.5}{Organigramma}{section.1}% 8
\BOOKMARK [3][-]{subsubsection.1.5.1}{Redazione}{subsection.1.5}% 9
\BOOKMARK [3][-]{subsubsection.1.5.2}{Approvazione}{subsection.1.5}% 10
\BOOKMARK [3][-]{subsubsection.1.5.3}{Accettazione dei componenti}{subsection.1.5}% 11
\BOOKMARK [3][-]{subsubsection.1.5.4}{Componenti}{subsection.1.5}% 12
\BOOKMARK [2][-]{subsection.1.6}{Definizione dei ruoli}{section.1}% 13
\BOOKMARK [2][-]{subsection.1.7}{Scadenze}{section.1}% 14
\BOOKMARK [1][-]{section.2}{Organizzazione del progetto}{}% 15
\BOOKMARK [2][-]{subsection.2.1}{Ruoli e costi}{section.2}% 16
\BOOKMARK [2][-]{subsection.2.2}{Pianificazione}{section.2}% 17
\BOOKMARK [3][-]{subsubsection.2.2.1}{Analisi}{subsection.2.2}% 18
\BOOKMARK [3][-]{subsubsection.2.2.2}{Progettazione Architetturale}{subsection.2.2}% 19
\BOOKMARK [3][-]{subsubsection.2.2.3}{Progettazione di Dettaglio e Codifica}{subsection.2.2}% 20
\BOOKMARK [3][-]{subsubsection.2.2.4}{Verifica e Validazione}{subsection.2.2}% 21
\BOOKMARK [1][-]{section.3}{Analisi dei rischi}{}% 22
\BOOKMARK [2][-]{subsection.3.1}{Livello tecnologico}{section.3}% 23
\BOOKMARK [3][-]{subsubsection.3.1.1}{Tecnologie adottate}{subsection.3.1}% 24
\BOOKMARK [2][-]{subsection.3.2}{Livello del personale}{section.3}% 25
\BOOKMARK [3][-]{subsubsection.3.2.1}{Inesperienza dei componenti del team}{subsection.3.2}% 26
\BOOKMARK [3][-]{subsubsection.3.2.2}{Team non completo}{subsection.3.2}% 27
\BOOKMARK [3][-]{subsubsection.3.2.3}{Presenza di studente lavoratore}{subsection.3.2}% 28
\BOOKMARK [3][-]{subsubsection.3.2.4}{Problemi tra componenti del gruppo}{subsection.3.2}% 29
\BOOKMARK [2][-]{subsection.3.3}{Livello organizzativo}{section.3}% 30
\BOOKMARK [3][-]{subsubsection.3.3.1}{Tempi delle attivit\341}{subsection.3.3}% 31
\BOOKMARK [3][-]{subsubsection.3.3.2}{Errata stima delle risorse necessarie}{subsection.3.3}% 32
\BOOKMARK [2][-]{subsection.3.4}{Livello dei requisiti}{section.3}% 33
\BOOKMARK [3][-]{subsubsection.3.4.1}{Capitolato vago}{subsection.3.4}% 34
\BOOKMARK [2][-]{subsection.3.5}{Livello di valutazione dei costi}{section.3}% 35
\BOOKMARK [3][-]{subsubsection.3.5.1}{Calcolo dei costi errato}{subsection.3.5}% 36
\BOOKMARK [1][-]{section.4}{Suddivisione del lavoro e prospetto economico}{}% 37
\BOOKMARK [2][-]{subsection.4.1}{Analisi}{section.4}% 38
\BOOKMARK [3][-]{subsubsection.4.1.1}{Suddivisione dei ruoli}{subsection.4.1}% 39
\BOOKMARK [3][-]{subsubsection.4.1.2}{Prospetto economico}{subsection.4.1}% 40
\BOOKMARK [2][-]{subsection.4.2}{Progettazione Architetturale}{section.4}% 41
\BOOKMARK [3][-]{subsubsection.4.2.1}{Suddivisione dei ruoli}{subsection.4.2}% 42
\BOOKMARK [3][-]{subsubsection.4.2.2}{Prospetto economico}{subsection.4.2}% 43
\BOOKMARK [2][-]{subsection.4.3}{Progettazione di Dettaglio e Codifica}{section.4}% 44
\BOOKMARK [3][-]{subsubsection.4.3.1}{Suddivisione dei ruoli}{subsection.4.3}% 45
\BOOKMARK [3][-]{subsubsection.4.3.2}{Prospetto economico}{subsection.4.3}% 46
\BOOKMARK [2][-]{subsection.4.4}{Verifica e Validazione}{section.4}% 47
\BOOKMARK [3][-]{subsubsection.4.4.1}{Suddivisione dei ruoli}{subsection.4.4}% 48
\BOOKMARK [3][-]{subsubsection.4.4.2}{Prospetto economico}{subsection.4.4}% 49
\BOOKMARK [1][-]{section.5}{Meccanismi di controllo e rendicontazione}{}% 50
\BOOKMARK [2][-]{subsection.5.1}{Meccanismi di controllo}{section.5}% 51
\BOOKMARK [3][-]{subsubsection.5.1.1}{Controllo completamento task}{subsection.5.1}% 52
\BOOKMARK [3][-]{subsubsection.5.1.2}{Calendario attivit\341}{subsection.5.1}% 53
\BOOKMARK [2][-]{subsection.5.2}{Meccanismi di rendicontazione}{section.5}% 54
\BOOKMARK [1][-]{section.6}{Consuntivo}{}% 55
\BOOKMARK [2][-]{subsection.6.1}{Analisi}{section.6}% 56
