This is pdfTeX, Version 3.1415926-2.5-1.40.14 (TeX Live 2013/Debian) (format=pdflatex 2014.2.6)  12 FEB 2014 17:47
entering extended mode
 restricted \write18 enabled.
 %&-line parsing enabled.
**macro.tex
(./macro.tex
LaTeX2e <2011/06/27>
Babel <3.9f> and hyphenation patterns for 4 languages loaded.
)
! Emergency stop.
<*> macro.tex
             
*** (job aborted, no legal \end found)

 
Here is how much of TeX's memory you used:
 17 strings out of 495000
 241 string characters out of 6180366
 45842 words of memory out of 5000000
 3336 multiletter control sequences out of 15000+600000
 3640 words of font info for 14 fonts, out of 8000000 for 9000
 16 hyphenation exceptions out of 8191
 7i,0n,6p,176b,8s stack positions out of 5000i,500n,10000p,200000b,80000s
!  ==> Fatal error occurred, no output PDF file produced!
