\BOOKMARK [1][-]{section.1}{Introduzione}{}% 1
\BOOKMARK [2][-]{subsection.1.1}{Scopo del documento}{section.1}% 2
\BOOKMARK [2][-]{subsection.1.2}{Glossario}{section.1}% 3
\BOOKMARK [1][-]{section.2}{Cooperazione}{}% 4
\BOOKMARK [2][-]{subsection.2.1}{Comunicazioni}{section.2}% 5
\BOOKMARK [3][-]{subsubsection.2.1.1}{Comunicazioni interne}{subsection.2.1}% 6
\BOOKMARK [3][-]{subsubsection.2.1.2}{Comunicazioni esterne}{subsection.2.1}% 7
\BOOKMARK [2][-]{subsection.2.2}{Riunioni}{section.2}% 8
\BOOKMARK [3][-]{subsubsection.2.2.1}{Richiesta}{subsection.2.2}% 9
\BOOKMARK [3][-]{subsubsection.2.2.2}{Esito}{subsection.2.2}% 10
\BOOKMARK [2][-]{subsection.2.3}{Verbali incontri}{section.2}% 11
\BOOKMARK [1][-]{section.3}{Ruoli di progetto}{}% 12
\BOOKMARK [1][-]{section.4}{Documentazione}{}% 13
\BOOKMARK [2][-]{subsection.4.1}{LaTeX}{section.4}% 14
\BOOKMARK [2][-]{subsection.4.2}{Template}{section.4}% 15
\BOOKMARK [2][-]{subsection.4.3}{Classificazione Documenti}{section.4}% 16
\BOOKMARK [2][-]{subsection.4.4}{Versionamento}{section.4}% 17
\BOOKMARK [2][-]{subsection.4.5}{Struttura Documentazione}{section.4}% 18
\BOOKMARK [2][-]{subsection.4.6}{Struttura Documentazione del codice}{section.4}% 19
\BOOKMARK [2][-]{subsection.4.7}{Norme tipografiche}{section.4}% 20
\BOOKMARK [3][-]{subsubsection.4.7.1}{Generali}{subsection.4.7}% 21
\BOOKMARK [3][-]{subsubsection.4.7.2}{Punteggiatura}{subsection.4.7}% 22
\BOOKMARK [3][-]{subsubsection.4.7.3}{Ortografia}{subsection.4.7}% 23
\BOOKMARK [3][-]{subsubsection.4.7.4}{Stile}{subsection.4.7}% 24
\BOOKMARK [2][-]{subsection.4.8}{Glossario}{section.4}% 25
\BOOKMARK [3][-]{subsubsection.4.8.1}{Parole notevoli}{subsection.4.8}% 26
\BOOKMARK [3][-]{subsubsection.4.8.2}{Acronimi}{subsection.4.8}% 27
\BOOKMARK [2][-]{subsection.4.9}{Codifica files}{section.4}% 28
\BOOKMARK [1][-]{section.5}{Norme di sviluppo}{}% 29
\BOOKMARK [2][-]{subsection.5.1}{Analisi dei requisiti}{section.5}% 30
\BOOKMARK [3][-]{subsubsection.5.1.1}{Classificazione dei requisiti}{subsection.5.1}% 31
\BOOKMARK [3][-]{subsubsection.5.1.2}{Casi d'uso}{subsection.5.1}% 32
\BOOKMARK [3][-]{subsubsection.5.1.3}{Tracciamento}{subsection.5.1}% 33
\BOOKMARK [2][-]{subsection.5.2}{Codifica}{section.5}% 34
\BOOKMARK [3][-]{subsubsection.5.2.1}{Codifica e convenzioni}{subsection.5.2}% 35
\BOOKMARK [1][-]{section.6}{Ambiente di lavoro}{}% 36
\BOOKMARK [2][-]{subsection.6.1}{Gestione di progetto}{section.6}% 37
\BOOKMARK [2][-]{subsection.6.2}{Versionamento}{section.6}% 38
